# JRE version: OpenJDK Runtime Environment Temurin-17.0.12+7 (17.0.12+7) (build 17.0.12+7)
# Java VM: OpenJDK 64-Bit Server VM Temurin-17.0.12+7 (17.0.12+7, mixed mode, tiered, compressed oops, compressed class ptrs, parallel gc, windows-amd64)
GC Precious Log:
 CPUs: 4 total, 4 available
 Memory: 12069M
 Large Page Support: Disabled
 NUMA Support: Disabled
 Compressed Oops: Enabled (32-bit)
 Alignments: Space 512K, Generation 512K, Heap 2M
 Heap Min Capacity: 100M
 Heap Initial Capacity: 100M
 Heap Max Capacity: 1G
 Pre-touch: Disabled
 Parallel Workers: 4
Heap:
 PSYoungGen      total 8704K, used 1653K [0x00000000eab00000, 0x00000000eb580000, 0x0000000100000000)
  eden space 6656K, 0% used [0x00000000eab00000,0x00000000eab00000,0x00000000eb180000)
  from space 2048K, 80% used [0x00000000eb180000,0x00000000eb31d510,0x00000000eb380000)
  to   space 2048K, 0% used [0x00000000eb380000,0x00000000eb380000,0x00000000eb580000)
 ParOldGen       total 157696K, used 156482K [0x00000000c0000000, 0x00000000c9a00000, 0x00000000eab00000)
  object space 157696K, 99% used [0x00000000c0000000,0x00000000c98d0a40,0x00000000c9a00000)
 Metaspace       used 67304K, committed 68416K, reserved 1114112K
  class space    used 7687K, committed 8128K, reserved 1048576K
GC Heap History (20 events):
Event: 353.665 GC heap after
{Heap after GC invocations=189 (full 8):
 PSYoungGen      total 9216K, used 707K [0x00000000eab00000, 0x00000000eb600000, 0x0000000100000000)
  eden space 8192K, 0% used [0x00000000eab00000,0x00000000eab00000,0x00000000eb300000)
  from space 1024K, 69% used [0x00000000eb500000,0x00000000eb5b0d08,0x00000000eb600000)
  to   space 1536K, 0% used [0x00000000eb300000,0x00000000eb300000,0x00000000eb480000)
 ParOldGen       total 157696K, used 145596K [0x00000000c0000000, 0x00000000c9a00000, 0x00000000eab00000)
  object space 157696K, 92% used [0x00000000c0000000,0x00000000c8e2f3c0,0x00000000c9a00000)
 Metaspace       used 67304K, committed 68416K, reserved 1114112K
  class space    used 7687K, committed 8128K, reserved 1048576K
}
Event: 353.694 GC heap before
{Heap before GC invocations=190 (full 8):
 PSYoungGen      total 9216K, used 8899K [0x00000000eab00000, 0x00000000eb600000, 0x0000000100000000)
  eden space 8192K, 100% used [0x00000000eab00000,0x00000000eb300000,0x00000000eb300000)
  from space 1024K, 69% used [0x00000000eb500000,0x00000000eb5b0d08,0x00000000eb600000)
  to   space 1536K, 0% used [0x00000000eb300000,0x00000000eb300000,0x00000000eb480000)
 ParOldGen       total 157696K, used 145596K [0x00000000c0000000, 0x00000000c9a00000, 0x00000000eab00000)
  object space 157696K, 92% used [0x00000000c0000000,0x00000000c8e2f3c0,0x00000000c9a00000)
 Metaspace       used 67304K, committed 68416K, reserved 1114112K
  class space    used 7687K, committed 8128K, reserved 1048576K
}
Event: 353.696 GC heap after
{Heap after GC invocations=190 (full 8):
 PSYoungGen      total 9728K, used 1012K [0x00000000eab00000, 0x00000000eb600000, 0x0000000100000000)
  eden space 8192K, 0% used [0x00000000eab00000,0x00000000eab00000,0x00000000eb300000)
  from space 1536K, 65% used [0x00000000eb300000,0x00000000eb3fd238,0x00000000eb480000)
  to   space 1536K, 0% used [0x00000000eb480000,0x00000000eb480000,0x00000000eb600000)
 ParOldGen       total 157696K, used 146169K [0x00000000c0000000, 0x00000000c9a00000, 0x00000000eab00000)
  object space 157696K, 92% used [0x00000000c0000000,0x00000000c8ebe5d0,0x00000000c9a00000)
 Metaspace       used 67304K, committed 68416K, reserved 1114112K
  class space    used 7687K, committed 8128K, reserved 1048576K
}
Event: 353.737 GC heap before
{Heap before GC invocations=191 (full 8):
 PSYoungGen      total 9728K, used 9204K [0x00000000eab00000, 0x00000000eb600000, 0x0000000100000000)
  eden space 8192K, 100% used [0x00000000eab00000,0x00000000eb300000,0x00000000eb300000)
  from space 1536K, 65% used [0x00000000eb300000,0x00000000eb3fd238,0x00000000eb480000)
  to   space 1536K, 0% used [0x00000000eb480000,0x00000000eb480000,0x00000000eb600000)
 ParOldGen       total 157696K, used 146169K [0x00000000c0000000, 0x00000000c9a00000, 0x00000000eab00000)
  object space 157696K, 92% used [0x00000000c0000000,0x00000000c8ebe5d0,0x00000000c9a00000)
 Metaspace       used 67304K, committed 68416K, reserved 1114112K
  class space    used 7687K, committed 8128K, reserved 1048576K
}
Event: 353.740 GC heap after
{Heap after GC invocations=191 (full 8):
 PSYoungGen      total 9728K, used 1114K [0x00000000eab00000, 0x00000000eb600000, 0x0000000100000000)
  eden space 8192K, 0% used [0x00000000eab00000,0x00000000eab00000,0x00000000eb300000)
  from space 1536K, 72% used [0x00000000eb480000,0x00000000eb596838,0x00000000eb600000)
  to   space 1536K, 0% used [0x00000000eb300000,0x00000000eb300000,0x00000000eb480000)
 ParOldGen       total 157696K, used 147007K [0x00000000c0000000, 0x00000000c9a00000, 0x00000000eab00000)
  object space 157696K, 93% used [0x00000000c0000000,0x00000000c8f8fd00,0x00000000c9a00000)
 Metaspace       used 67304K, committed 68416K, reserved 1114112K
  class space    used 7687K, committed 8128K, reserved 1048576K
}
Event: 353.760 GC heap before
{Heap before GC invocations=192 (full 8):
 PSYoungGen      total 9728K, used 9306K [0x00000000eab00000, 0x00000000eb600000, 0x0000000100000000)
  eden space 8192K, 100% used [0x00000000eab00000,0x00000000eb300000,0x00000000eb300000)
  from space 1536K, 72% used [0x00000000eb480000,0x00000000eb596838,0x00000000eb600000)
  to   space 1536K, 0% used [0x00000000eb300000,0x00000000eb300000,0x00000000eb480000)
 ParOldGen       total 157696K, used 147007K [0x00000000c0000000, 0x00000000c9a00000, 0x00000000eab00000)
  object space 157696K, 93% used [0x00000000c0000000,0x00000000c8f8fd00,0x00000000c9a00000)
 Metaspace       used 67304K, committed 68416K, reserved 1114112K
  class space    used 7687K, committed 8128K, reserved 1048576K
}
Event: 353.762 GC heap after
{Heap after GC invocations=192 (full 8):
 PSYoungGen      total 9216K, used 942K [0x00000000eab00000, 0x00000000eb500000, 0x0000000100000000)
  eden space 8192K, 0% used [0x00000000eab00000,0x00000000eab00000,0x00000000eb300000)
  from space 1024K, 92% used [0x00000000eb300000,0x00000000eb3ebae0,0x00000000eb400000)
  to   space 1024K, 0% used [0x00000000eb400000,0x00000000eb400000,0x00000000eb500000)
 ParOldGen       total 157696K, used 148067K [0x00000000c0000000, 0x00000000c9a00000, 0x00000000eab00000)
  object space 157696K, 93% used [0x00000000c0000000,0x00000000c9098c38,0x00000000c9a00000)
 Metaspace       used 67304K, committed 68416K, reserved 1114112K
  class space    used 7687K, committed 8128K, reserved 1048576K
}
Event: 353.804 GC heap before
{Heap before GC invocations=193 (full 8):
 PSYoungGen      total 9216K, used 9134K [0x00000000eab00000, 0x00000000eb500000, 0x0000000100000000)
  eden space 8192K, 100% used [0x00000000eab00000,0x00000000eb300000,0x00000000eb300000)
  from space 1024K, 92% used [0x00000000eb300000,0x00000000eb3ebae0,0x00000000eb400000)
  to   space 1024K, 0% used [0x00000000eb400000,0x00000000eb400000,0x00000000eb500000)
 ParOldGen       total 157696K, used 148067K [0x00000000c0000000, 0x00000000c9a00000, 0x00000000eab00000)
  object space 157696K, 93% used [0x00000000c0000000,0x00000000c9098c38,0x00000000c9a00000)
 Metaspace       used 67304K, committed 68416K, reserved 1114112K
  class space    used 7687K, committed 8128K, reserved 1048576K
}
Event: 353.808 GC heap after
{Heap after GC invocations=193 (full 8):
 PSYoungGen      total 7680K, used 1018K [0x00000000eab00000, 0x00000000eb800000, 0x0000000100000000)
  eden space 6656K, 0% used [0x00000000eab00000,0x00000000eab00000,0x00000000eb180000)
  from space 1024K, 99% used [0x00000000eb400000,0x00000000eb4feb58,0x00000000eb500000)
  to   space 2560K, 0% used [0x00000000eb180000,0x00000000eb180000,0x00000000eb400000)
 ParOldGen       total 157696K, used 149367K [0x00000000c0000000, 0x00000000c9a00000, 0x00000000eab00000)
  object space 157696K, 94% used [0x00000000c0000000,0x00000000c91ddf88,0x00000000c9a00000)
 Metaspace       used 67304K, committed 68416K, reserved 1114112K
  class space    used 7687K, committed 8128K, reserved 1048576K
}
Event: 353.844 GC heap before
{Heap before GC invocations=194 (full 8):
 PSYoungGen      total 7680K, used 7674K [0x00000000eab00000, 0x00000000eb800000, 0x0000000100000000)
  eden space 6656K, 100% used [0x00000000eab00000,0x00000000eb180000,0x00000000eb180000)
  from space 1024K, 99% used [0x00000000eb400000,0x00000000eb4feb58,0x00000000eb500000)
  to   space 2560K, 0% used [0x00000000eb180000,0x00000000eb180000,0x00000000eb400000)
 ParOldGen       total 157696K, used 149367K [0x00000000c0000000, 0x00000000c9a00000, 0x00000000eab00000)
  object space 157696K, 94% used [0x00000000c0000000,0x00000000c91ddf88,0x00000000c9a00000)
 Metaspace       used 67304K, committed 68416K, reserved 1114112K
  class space    used 7687K, committed 8128K, reserved 1048576K
}
Event: 353.846 GC heap after
{Heap after GC invocations=194 (full 8):
 PSYoungGen      total 8704K, used 1630K [0x00000000eab00000, 0x00000000eb580000, 0x0000000100000000)
  eden space 6656K, 0% used [0x00000000eab00000,0x00000000eab00000,0x00000000eb180000)
  from space 2048K, 79% used [0x00000000eb180000,0x00000000eb317868,0x00000000eb380000)
  to   space 2048K, 0% used [0x00000000eb380000,0x00000000eb380000,0x00000000eb580000)
 ParOldGen       total 157696K, used 150333K [0x00000000c0000000, 0x00000000c9a00000, 0x00000000eab00000)
  object space 157696K, 95% used [0x00000000c0000000,0x00000000c92cf738,0x00000000c9a00000)
 Metaspace       used 67304K, committed 68416K, reserved 1114112K
  class space    used 7687K, committed 8128K, reserved 1048576K
}
Event: 353.884 GC heap before
{Heap before GC invocations=195 (full 8):
 PSYoungGen      total 8704K, used 8286K [0x00000000eab00000, 0x00000000eb580000, 0x0000000100000000)
  eden space 6656K, 100% used [0x00000000eab00000,0x00000000eb180000,0x00000000eb180000)
  from space 2048K, 79% used [0x00000000eb180000,0x00000000eb317868,0x00000000eb380000)
  to   space 2048K, 0% used [0x00000000eb380000,0x00000000eb380000,0x00000000eb580000)
 ParOldGen       total 157696K, used 150333K [0x00000000c0000000, 0x00000000c9a00000, 0x00000000eab00000)
  object space 157696K, 95% used [0x00000000c0000000,0x00000000c92cf738,0x00000000c9a00000)
 Metaspace       used 67304K, committed 68416K, reserved 1114112K
  class space    used 7687K, committed 8128K, reserved 1048576K
}
Event: 353.887 GC heap after
{Heap after GC invocations=195 (full 8):
 PSYoungGen      total 8704K, used 1620K [0x00000000eab00000, 0x00000000eb580000, 0x0000000100000000)
  eden space 6656K, 0% used [0x00000000eab00000,0x00000000eab00000,0x00000000eb180000)
  from space 2048K, 79% used [0x00000000eb380000,0x00000000eb5151e8,0x00000000eb580000)
  to   space 2048K, 0% used [0x00000000eb180000,0x00000000eb180000,0x00000000eb380000)
 ParOldGen       total 157696K, used 151880K [0x00000000c0000000, 0x00000000c9a00000, 0x00000000eab00000)
  object space 157696K, 96% used [0x00000000c0000000,0x00000000c94522b8,0x00000000c9a00000)
 Metaspace       used 67304K, committed 68416K, reserved 1114112K
  class space    used 7687K, committed 8128K, reserved 1048576K
}
Event: 353.930 GC heap before
{Heap before GC invocations=196 (full 8):
 PSYoungGen      total 8704K, used 8276K [0x00000000eab00000, 0x00000000eb580000, 0x0000000100000000)
  eden space 6656K, 100% used [0x00000000eab00000,0x00000000eb180000,0x00000000eb180000)
  from space 2048K, 79% used [0x00000000eb380000,0x00000000eb5151e8,0x00000000eb580000)
  to   space 2048K, 0% used [0x00000000eb180000,0x00000000eb180000,0x00000000eb380000)
 ParOldGen       total 157696K, used 151880K [0x00000000c0000000, 0x00000000c9a00000, 0x00000000eab00000)
  object space 157696K, 96% used [0x00000000c0000000,0x00000000c94522b8,0x00000000c9a00000)
 Metaspace       used 67304K, committed 68416K, reserved 1114112K
  class space    used 7687K, committed 8128K, reserved 1048576K
}
Event: 353.934 GC heap after
{Heap after GC invocations=196 (full 8):
 PSYoungGen      total 8704K, used 1684K [0x00000000eab00000, 0x00000000eb580000, 0x0000000100000000)
  eden space 6656K, 0% used [0x00000000eab00000,0x00000000eab00000,0x00000000eb180000)
  from space 2048K, 82% used [0x00000000eb180000,0x00000000eb3252a0,0x00000000eb380000)
  to   space 2048K, 0% used [0x00000000eb380000,0x00000000eb380000,0x00000000eb580000)
 ParOldGen       total 157696K, used 153400K [0x00000000c0000000, 0x00000000c9a00000, 0x00000000eab00000)
  object space 157696K, 97% used [0x00000000c0000000,0x00000000c95ce160,0x00000000c9a00000)
 Metaspace       used 67304K, committed 68416K, reserved 1114112K
  class space    used 7687K, committed 8128K, reserved 1048576K
}
Event: 353.976 GC heap before
{Heap before GC invocations=197 (full 8):
 PSYoungGen      total 8704K, used 8340K [0x00000000eab00000, 0x00000000eb580000, 0x0000000100000000)
  eden space 6656K, 100% used [0x00000000eab00000,0x00000000eb180000,0x00000000eb180000)
  from space 2048K, 82% used [0x00000000eb180000,0x00000000eb3252a0,0x00000000eb380000)
  to   space 2048K, 0% used [0x00000000eb380000,0x00000000eb380000,0x00000000eb580000)
 ParOldGen       total 157696K, used 153400K [0x00000000c0000000, 0x00000000c9a00000, 0x00000000eab00000)
  object space 157696K, 97% used [0x00000000c0000000,0x00000000c95ce160,0x00000000c9a00000)
 Metaspace       used 67304K, committed 68416K, reserved 1114112K
  class space    used 7687K, committed 8128K, reserved 1048576K
}
Event: 353.979 GC heap after
{Heap after GC invocations=197 (full 8):
 PSYoungGen      total 8704K, used 1637K [0x00000000eab00000, 0x00000000eb580000, 0x0000000100000000)
  eden space 6656K, 0% used [0x00000000eab00000,0x00000000eab00000,0x00000000eb180000)
  from space 2048K, 79% used [0x00000000eb380000,0x00000000eb5196e0,0x00000000eb580000)
  to   space 2048K, 0% used [0x00000000eb180000,0x00000000eb180000,0x00000000eb380000)
 ParOldGen       total 157696K, used 154951K [0x00000000c0000000, 0x00000000c9a00000, 0x00000000eab00000)
  object space 157696K, 98% used [0x00000000c0000000,0x00000000c9751e20,0x00000000c9a00000)
 Metaspace       used 67304K, committed 68416K, reserved 1114112K
  class space    used 7687K, committed 8128K, reserved 1048576K
}
Event: 354.087 GC heap before
{Heap before GC invocations=198 (full 8):
 PSYoungGen      total 8704K, used 8293K [0x00000000eab00000, 0x00000000eb580000, 0x0000000100000000)
  eden space 6656K, 100% used [0x00000000eab00000,0x00000000eb180000,0x00000000eb180000)
  from space 2048K, 79% used [0x00000000eb380000,0x00000000eb5196e0,0x00000000eb580000)
  to   space 2048K, 0% used [0x00000000eb180000,0x00000000eb180000,0x00000000eb380000)
 ParOldGen       total 157696K, used 154951K [0x00000000c0000000, 0x00000000c9a00000, 0x00000000eab00000)
  object space 157696K, 98% used [0x00000000c0000000,0x00000000c9751e20,0x00000000c9a00000)
 Metaspace       used 67304K, committed 68416K, reserved 1114112K
  class space    used 7687K, committed 8128K, reserved 1048576K
}
Event: 354.089 GC heap after
{Heap after GC invocations=198 (full 8):
 PSYoungGen      total 8704K, used 1653K [0x00000000eab00000, 0x00000000eb580000, 0x0000000100000000)
  eden space 6656K, 0% used [0x00000000eab00000,0x00000000eab00000,0x00000000eb180000)
  from space 2048K, 80% used [0x00000000eb180000,0x00000000eb31d510,0x00000000eb380000)
  to   space 2048K, 0% used [0x00000000eb380000,0x00000000eb380000,0x00000000eb580000)
 ParOldGen       total 157696K, used 156482K [0x00000000c0000000, 0x00000000c9a00000, 0x00000000eab00000)
  object space 157696K, 99% used [0x00000000c0000000,0x00000000c98d0a40,0x00000000c9a00000)
 Metaspace       used 67304K, committed 68416K, reserved 1114112K
  class space    used 7687K, committed 8128K, reserved 1048576K
}
Event: 354.089 GC heap before
{Heap before GC invocations=199 (full 9):
 PSYoungGen      total 8704K, used 1653K [0x00000000eab00000, 0x00000000eb580000, 0x0000000100000000)
  eden space 6656K, 0% used [0x00000000eab00000,0x00000000eab00000,0x00000000eb180000)
  from space 2048K, 80% used [0x00000000eb180000,0x00000000eb31d510,0x00000000eb380000)
  to   space 2048K, 0% used [0x00000000eb380000,0x00000000eb380000,0x00000000eb580000)
 ParOldGen       total 157696K, used 156482K [0x00000000c0000000, 0x00000000c9a00000, 0x00000000eab00000)
  object space 157696K, 99% used [0x00000000c0000000,0x00000000c98d0a40,0x00000000c9a00000)
 Metaspace       used 67304K, committed 68416K, reserved 1114112K
  class space    used 7687K, committed 8128K, reserved 1048576K
}

