# JRE version: OpenJDK Runtime Environment Temurin-17.0.13+11 (17.0.13+11) (build 17.0.13+11)
# Java VM: OpenJDK 64-Bit Server VM Temurin-17.0.13+11 (17.0.13+11, mixed mode, tiered, compressed oops, compressed class ptrs, parallel gc, windows-amd64)
GC Precious Log:
 CPUs: 4 total, 4 available
 Memory: 12069M
 Large Page Support: Disabled
 NUMA Support: Disabled
 Compressed Oops: Enabled (32-bit)
 Alignments: Space 512K, Generation 512K, Heap 2M
 Heap Min Capacity: 100M
 Heap Initial Capacity: 100M
 Heap Max Capacity: 1G
 Pre-touch: Disabled
 Parallel Workers: 4
Heap:
 PSYoungGen      total 13824K, used 13644K [0x00000000eab00000, 0x00000000ec080000, 0x0000000100000000)
  eden space 5632K, 100% used [0x00000000eab00000,0x00000000eb080000,0x00000000eb080000)
  from space 8192K, 97% used [0x00000000eb080000,0x00000000eb853018,0x00000000eb880000)
  to   space 8192K, 74% used [0x00000000eb880000,0x00000000ebe70008,0x00000000ec080000)
 ParOldGen       total 230912K, used 206723K [0x00000000c0000000, 0x00000000ce180000, 0x00000000eab00000)
  object space 230912K, 89% used [0x00000000c0000000,0x00000000cc9e0f50,0x00000000ce180000)
 Metaspace       used 63479K, committed 64576K, reserved 1114112K
  class space    used 7033K, committed 7488K, reserved 1048576K
GC Heap History (20 events):
Event: 56.861 GC heap after
{Heap after GC invocations=268 (full 13):
 PSYoungGen      total 13312K, used 5612K [0x00000000eab00000, 0x00000000ebf80000, 0x0000000100000000)
  eden space 7680K, 0% used [0x00000000eab00000,0x00000000eab00000,0x00000000eb280000)
  from space 5632K, 99% used [0x00000000eb900000,0x00000000ebe7b018,0x00000000ebe80000)
  to   space 6656K, 0% used [0x00000000eb280000,0x00000000eb280000,0x00000000eb900000)
 ParOldGen       total 230912K, used 204355K [0x00000000c0000000, 0x00000000ce180000, 0x00000000eab00000)
  object space 230912K, 88% used [0x00000000c0000000,0x00000000cc790f50,0x00000000ce180000)
 Metaspace       used 63479K, committed 64576K, reserved 1114112K
  class space    used 7033K, committed 7488K, reserved 1048576K
}
Event: 56.916 GC heap before
{Heap before GC invocations=269 (full 13):
 PSYoungGen      total 13312K, used 13292K [0x00000000eab00000, 0x00000000ebf80000, 0x0000000100000000)
  eden space 7680K, 100% used [0x00000000eab00000,0x00000000eb280000,0x00000000eb280000)
  from space 5632K, 99% used [0x00000000eb900000,0x00000000ebe7b018,0x00000000ebe80000)
  to   space 6656K, 0% used [0x00000000eb280000,0x00000000eb280000,0x00000000eb900000)
 ParOldGen       total 230912K, used 204355K [0x00000000c0000000, 0x00000000ce180000, 0x00000000eab00000)
  object space 230912K, 88% used [0x00000000c0000000,0x00000000cc790f50,0x00000000ce180000)
 Metaspace       used 63479K, committed 64576K, reserved 1114112K
  class space    used 7033K, committed 7488K, reserved 1048576K
}
Event: 56.920 GC heap after
{Heap after GC invocations=269 (full 13):
 PSYoungGen      total 12800K, used 5048K [0x00000000eab00000, 0x00000000ebd80000, 0x0000000100000000)
  eden space 7680K, 0% used [0x00000000eab00000,0x00000000eab00000,0x00000000eb280000)
  from space 5120K, 98% used [0x00000000eb280000,0x00000000eb76e038,0x00000000eb780000)
  to   space 5632K, 0% used [0x00000000eb800000,0x00000000eb800000,0x00000000ebd80000)
 ParOldGen       total 230912K, used 205611K [0x00000000c0000000, 0x00000000ce180000, 0x00000000eab00000)
  object space 230912K, 89% used [0x00000000c0000000,0x00000000cc8caf50,0x00000000ce180000)
 Metaspace       used 63479K, committed 64576K, reserved 1114112K
  class space    used 7033K, committed 7488K, reserved 1048576K
}
Event: 57.003 GC heap before
{Heap before GC invocations=270 (full 13):
 PSYoungGen      total 12800K, used 12728K [0x00000000eab00000, 0x00000000ebd80000, 0x0000000100000000)
  eden space 7680K, 100% used [0x00000000eab00000,0x00000000eb280000,0x00000000eb280000)
  from space 5120K, 98% used [0x00000000eb280000,0x00000000eb76e038,0x00000000eb780000)
  to   space 5632K, 0% used [0x00000000eb800000,0x00000000eb800000,0x00000000ebd80000)
 ParOldGen       total 230912K, used 205611K [0x00000000c0000000, 0x00000000ce180000, 0x00000000eab00000)
  object space 230912K, 89% used [0x00000000c0000000,0x00000000cc8caf50,0x00000000ce180000)
 Metaspace       used 63479K, committed 64576K, reserved 1114112K
  class space    used 7033K, committed 7488K, reserved 1048576K
}
Event: 57.009 GC heap after
{Heap after GC invocations=270 (full 13):
 PSYoungGen      total 12800K, used 5580K [0x00000000eab00000, 0x00000000ebe80000, 0x0000000100000000)
  eden space 7168K, 0% used [0x00000000eab00000,0x00000000eab00000,0x00000000eb200000)
  from space 5632K, 99% used [0x00000000eb800000,0x00000000ebd73018,0x00000000ebd80000)
  to   space 6144K, 0% used [0x00000000eb200000,0x00000000eb200000,0x00000000eb800000)
 ParOldGen       total 230912K, used 205611K [0x00000000c0000000, 0x00000000ce180000, 0x00000000eab00000)
  object space 230912K, 89% used [0x00000000c0000000,0x00000000cc8caf50,0x00000000ce180000)
 Metaspace       used 63479K, committed 64576K, reserved 1114112K
  class space    used 7033K, committed 7488K, reserved 1048576K
}
Event: 57.233 GC heap before
{Heap before GC invocations=271 (full 13):
 PSYoungGen      total 12800K, used 12748K [0x00000000eab00000, 0x00000000ebe80000, 0x0000000100000000)
  eden space 7168K, 100% used [0x00000000eab00000,0x00000000eb200000,0x00000000eb200000)
  from space 5632K, 99% used [0x00000000eb800000,0x00000000ebd73018,0x00000000ebd80000)
  to   space 6144K, 0% used [0x00000000eb200000,0x00000000eb200000,0x00000000eb800000)
 ParOldGen       total 230912K, used 205611K [0x00000000c0000000, 0x00000000ce180000, 0x00000000eab00000)
  object space 230912K, 89% used [0x00000000c0000000,0x00000000cc8caf50,0x00000000ce180000)
 Metaspace       used 63479K, committed 64576K, reserved 1114112K
  class space    used 7033K, committed 7488K, reserved 1048576K
}
Event: 57.237 GC heap after
{Heap after GC invocations=271 (full 13):
 PSYoungGen      total 13312K, used 6092K [0x00000000eab00000, 0x00000000ebf00000, 0x0000000100000000)
  eden space 7168K, 0% used [0x00000000eab00000,0x00000000eab00000,0x00000000eb200000)
  from space 6144K, 99% used [0x00000000eb200000,0x00000000eb7f3018,0x00000000eb800000)
  to   space 6656K, 0% used [0x00000000eb880000,0x00000000eb880000,0x00000000ebf00000)
 ParOldGen       total 230912K, used 205611K [0x00000000c0000000, 0x00000000ce180000, 0x00000000eab00000)
  object space 230912K, 89% used [0x00000000c0000000,0x00000000cc8caf50,0x00000000ce180000)
 Metaspace       used 63479K, committed 64576K, reserved 1114112K
  class space    used 7033K, committed 7488K, reserved 1048576K
}
Event: 57.290 GC heap before
{Heap before GC invocations=272 (full 13):
 PSYoungGen      total 13312K, used 13260K [0x00000000eab00000, 0x00000000ebf00000, 0x0000000100000000)
  eden space 7168K, 100% used [0x00000000eab00000,0x00000000eb200000,0x00000000eb200000)
  from space 6144K, 99% used [0x00000000eb200000,0x00000000eb7f3018,0x00000000eb800000)
  to   space 6656K, 0% used [0x00000000eb880000,0x00000000eb880000,0x00000000ebf00000)
 ParOldGen       total 230912K, used 205611K [0x00000000c0000000, 0x00000000ce180000, 0x00000000eab00000)
  object space 230912K, 89% used [0x00000000c0000000,0x00000000cc8caf50,0x00000000ce180000)
 Metaspace       used 63479K, committed 64576K, reserved 1114112K
  class space    used 7033K, committed 7488K, reserved 1048576K
}
Event: 57.293 GC heap after
{Heap after GC invocations=272 (full 13):
 PSYoungGen      total 13312K, used 6636K [0x00000000eab00000, 0x00000000ec000000, 0x0000000100000000)
  eden space 6656K, 0% used [0x00000000eab00000,0x00000000eab00000,0x00000000eb180000)
  from space 6656K, 99% used [0x00000000eb880000,0x00000000ebefb018,0x00000000ebf00000)
  to   space 7168K, 0% used [0x00000000eb180000,0x00000000eb180000,0x00000000eb880000)
 ParOldGen       total 230912K, used 205635K [0x00000000c0000000, 0x00000000ce180000, 0x00000000eab00000)
  object space 230912K, 89% used [0x00000000c0000000,0x00000000cc8d0f50,0x00000000ce180000)
 Metaspace       used 63479K, committed 64576K, reserved 1114112K
  class space    used 7033K, committed 7488K, reserved 1048576K
}
Event: 57.673 GC heap before
{Heap before GC invocations=273 (full 13):
 PSYoungGen      total 13312K, used 13292K [0x00000000eab00000, 0x00000000ec000000, 0x0000000100000000)
  eden space 6656K, 100% used [0x00000000eab00000,0x00000000eb180000,0x00000000eb180000)
  from space 6656K, 99% used [0x00000000eb880000,0x00000000ebefb018,0x00000000ebf00000)
  to   space 7168K, 0% used [0x00000000eb180000,0x00000000eb180000,0x00000000eb880000)
 ParOldGen       total 230912K, used 205635K [0x00000000c0000000, 0x00000000ce180000, 0x00000000eab00000)
  object space 230912K, 89% used [0x00000000c0000000,0x00000000cc8d0f50,0x00000000ce180000)
 Metaspace       used 63479K, committed 64576K, reserved 1114112K
  class space    used 7033K, committed 7488K, reserved 1048576K
}
Event: 57.677 GC heap after
{Heap after GC invocations=273 (full 13):
 PSYoungGen      total 12800K, used 6092K [0x00000000eab00000, 0x00000000ebe80000, 0x0000000100000000)
  eden space 6656K, 0% used [0x00000000eab00000,0x00000000eab00000,0x00000000eb180000)
  from space 6144K, 99% used [0x00000000eb180000,0x00000000eb773018,0x00000000eb780000)
  to   space 6656K, 0% used [0x00000000eb800000,0x00000000eb800000,0x00000000ebe80000)
 ParOldGen       total 230912K, used 206723K [0x00000000c0000000, 0x00000000ce180000, 0x00000000eab00000)
  object space 230912K, 89% used [0x00000000c0000000,0x00000000cc9e0f50,0x00000000ce180000)
 Metaspace       used 63479K, committed 64576K, reserved 1114112K
  class space    used 7033K, committed 7488K, reserved 1048576K
}
Event: 57.756 GC heap before
{Heap before GC invocations=274 (full 13):
 PSYoungGen      total 12800K, used 12748K [0x00000000eab00000, 0x00000000ebe80000, 0x0000000100000000)
  eden space 6656K, 100% used [0x00000000eab00000,0x00000000eb180000,0x00000000eb180000)
  from space 6144K, 99% used [0x00000000eb180000,0x00000000eb773018,0x00000000eb780000)
  to   space 6656K, 0% used [0x00000000eb800000,0x00000000eb800000,0x00000000ebe80000)
 ParOldGen       total 230912K, used 206723K [0x00000000c0000000, 0x00000000ce180000, 0x00000000eab00000)
  object space 230912K, 89% used [0x00000000c0000000,0x00000000cc9e0f50,0x00000000ce180000)
 Metaspace       used 63479K, committed 64576K, reserved 1114112K
  class space    used 7033K, committed 7488K, reserved 1048576K
}
Event: 57.759 GC heap after
{Heap after GC invocations=274 (full 13):
 PSYoungGen      total 12800K, used 6636K [0x00000000eab00000, 0x00000000ebf80000, 0x0000000100000000)
  eden space 6144K, 0% used [0x00000000eab00000,0x00000000eab00000,0x00000000eb100000)
  from space 6656K, 99% used [0x00000000eb800000,0x00000000ebe7b018,0x00000000ebe80000)
  to   space 7168K, 0% used [0x00000000eb100000,0x00000000eb100000,0x00000000eb800000)
 ParOldGen       total 230912K, used 206723K [0x00000000c0000000, 0x00000000ce180000, 0x00000000eab00000)
  object space 230912K, 89% used [0x00000000c0000000,0x00000000cc9e0f50,0x00000000ce180000)
 Metaspace       used 63479K, committed 64576K, reserved 1114112K
  class space    used 7033K, committed 7488K, reserved 1048576K
}
Event: 57.796 GC heap before
{Heap before GC invocations=275 (full 13):
 PSYoungGen      total 12800K, used 12779K [0x00000000eab00000, 0x00000000ebf80000, 0x0000000100000000)
  eden space 6144K, 99% used [0x00000000eab00000,0x00000000eb0fff78,0x00000000eb100000)
  from space 6656K, 99% used [0x00000000eb800000,0x00000000ebe7b018,0x00000000ebe80000)
  to   space 7168K, 0% used [0x00000000eb100000,0x00000000eb100000,0x00000000eb800000)
 ParOldGen       total 230912K, used 206723K [0x00000000c0000000, 0x00000000ce180000, 0x00000000eab00000)
  object space 230912K, 89% used [0x00000000c0000000,0x00000000cc9e0f50,0x00000000ce180000)
 Metaspace       used 63479K, committed 64576K, reserved 1114112K
  class space    used 7033K, committed 7488K, reserved 1048576K
}
Event: 57.800 GC heap after
{Heap after GC invocations=275 (full 13):
 PSYoungGen      total 13312K, used 7148K [0x00000000eab00000, 0x00000000ec000000, 0x0000000100000000)
  eden space 6144K, 0% used [0x00000000eab00000,0x00000000eab00000,0x00000000eb100000)
  from space 7168K, 99% used [0x00000000eb100000,0x00000000eb7fb018,0x00000000eb800000)
  to   space 7680K, 0% used [0x00000000eb880000,0x00000000eb880000,0x00000000ec000000)
 ParOldGen       total 230912K, used 206723K [0x00000000c0000000, 0x00000000ce180000, 0x00000000eab00000)
  object space 230912K, 89% used [0x00000000c0000000,0x00000000cc9e0f50,0x00000000ce180000)
 Metaspace       used 63479K, committed 64576K, reserved 1114112K
  class space    used 7033K, committed 7488K, reserved 1048576K
}
Event: 57.844 GC heap before
{Heap before GC invocations=276 (full 13):
 PSYoungGen      total 13312K, used 13292K [0x00000000eab00000, 0x00000000ec000000, 0x0000000100000000)
  eden space 6144K, 100% used [0x00000000eab00000,0x00000000eb100000,0x00000000eb100000)
  from space 7168K, 99% used [0x00000000eb100000,0x00000000eb7fb018,0x00000000eb800000)
  to   space 7680K, 0% used [0x00000000eb880000,0x00000000eb880000,0x00000000ec000000)
 ParOldGen       total 230912K, used 206723K [0x00000000c0000000, 0x00000000ce180000, 0x00000000eab00000)
  object space 230912K, 89% used [0x00000000c0000000,0x00000000cc9e0f50,0x00000000ce180000)
 Metaspace       used 63479K, committed 64576K, reserved 1114112K
  class space    used 7033K, committed 7488K, reserved 1048576K
}
Event: 57.849 GC heap after
{Heap after GC invocations=276 (full 13):
 PSYoungGen      total 13312K, used 7628K [0x00000000eab00000, 0x00000000ec100000, 0x0000000100000000)
  eden space 5632K, 0% used [0x00000000eab00000,0x00000000eab00000,0x00000000eb080000)
  from space 7680K, 99% used [0x00000000eb880000,0x00000000ebff3018,0x00000000ec000000)
  to   space 8192K, 0% used [0x00000000eb080000,0x00000000eb080000,0x00000000eb880000)
 ParOldGen       total 230912K, used 206723K [0x00000000c0000000, 0x00000000ce180000, 0x00000000eab00000)
  object space 230912K, 89% used [0x00000000c0000000,0x00000000cc9e0f50,0x00000000ce180000)
 Metaspace       used 63479K, committed 64576K, reserved 1114112K
  class space    used 7033K, committed 7488K, reserved 1048576K
}
Event: 57.881 GC heap before
{Heap before GC invocations=277 (full 13):
 PSYoungGen      total 13312K, used 13260K [0x00000000eab00000, 0x00000000ec100000, 0x0000000100000000)
  eden space 5632K, 100% used [0x00000000eab00000,0x00000000eb080000,0x00000000eb080000)
  from space 7680K, 99% used [0x00000000eb880000,0x00000000ebff3018,0x00000000ec000000)
  to   space 8192K, 0% used [0x00000000eb080000,0x00000000eb080000,0x00000000eb880000)
 ParOldGen       total 230912K, used 206723K [0x00000000c0000000, 0x00000000ce180000, 0x00000000eab00000)
  object space 230912K, 89% used [0x00000000c0000000,0x00000000cc9e0f50,0x00000000ce180000)
 Metaspace       used 63479K, committed 64576K, reserved 1114112K
  class space    used 7033K, committed 7488K, reserved 1048576K
}
Event: 57.886 GC heap after
{Heap after GC invocations=277 (full 13):
 PSYoungGen      total 13824K, used 8012K [0x00000000eab00000, 0x00000000ec080000, 0x0000000100000000)
  eden space 5632K, 0% used [0x00000000eab00000,0x00000000eab00000,0x00000000eb080000)
  from space 8192K, 97% used [0x00000000eb080000,0x00000000eb853018,0x00000000eb880000)
  to   space 8192K, 0% used [0x00000000eb880000,0x00000000eb880000,0x00000000ec080000)
 ParOldGen       total 230912K, used 206723K [0x00000000c0000000, 0x00000000ce180000, 0x00000000eab00000)
  object space 230912K, 89% used [0x00000000c0000000,0x00000000cc9e0f50,0x00000000ce180000)
 Metaspace       used 63479K, committed 64576K, reserved 1114112K
  class space    used 7033K, committed 7488K, reserved 1048576K
}
Event: 57.911 GC heap before
{Heap before GC invocations=278 (full 13):
 PSYoungGen      total 13824K, used 13644K [0x00000000eab00000, 0x00000000ec080000, 0x0000000100000000)
  eden space 5632K, 100% used [0x00000000eab00000,0x00000000eb080000,0x00000000eb080000)
  from space 8192K, 97% used [0x00000000eb080000,0x00000000eb853018,0x00000000eb880000)
  to   space 8192K, 0% used [0x00000000eb880000,0x00000000eb880000,0x00000000ec080000)
 ParOldGen       total 230912K, used 206723K [0x00000000c0000000, 0x00000000ce180000, 0x00000000eab00000)
  object space 230912K, 89% used [0x00000000c0000000,0x00000000cc9e0f50,0x00000000ce180000)
 Metaspace       used 63479K, committed 64576K, reserved 1114112K
  class space    used 7033K, committed 7488K, reserved 1048576K
}

