# JRE version: OpenJDK Runtime Environment Temurin-17.0.13+11 (17.0.13+11) (build 17.0.13+11)
# Java VM: OpenJDK 64-Bit Server VM Temurin-17.0.13+11 (17.0.13+11, mixed mode, tiered, compressed oops, compressed class ptrs, parallel gc, windows-amd64)
GC Precious Log:
 CPUs: 4 total, 4 available
 Memory: 12069M
 Large Page Support: Disabled
 NUMA Support: Disabled
 Compressed Oops: Enabled (32-bit)
 Alignments: Space 512K, Generation 512K, Heap 2M
 Heap Min Capacity: 100M
 Heap Initial Capacity: 100M
 Heap Max Capacity: 1G
 Pre-touch: Disabled
 Parallel Workers: 4
Heap:
 PSYoungGen      total 4096K, used 3733K [0x00000000eab00000, 0x00000000eb300000, 0x0000000100000000)
  eden space 2048K, 100% used [0x00000000eab00000,0x00000000ead00000,0x00000000ead00000)
  from space 2048K, 82% used [0x00000000eb100000,0x00000000eb2a5748,0x00000000eb300000)
  to   space 2560K, 0% used [0x00000000eae00000,0x00000000eae00000,0x00000000eb080000)
 ParOldGen       total 315392K, used 314897K [0x00000000c0000000, 0x00000000d3400000, 0x00000000eab00000)
  object space 315392K, 99% used [0x00000000c0000000,0x00000000d3384650,0x00000000d3400000)
 Metaspace       used 65236K, committed 66368K, reserved 1114112K
  class space    used 7452K, committed 8000K, reserved 1048576K
GC Heap History (20 events):
Event: 133.481 GC heap after
{Heap after GC invocations=412 (full 13):
 PSYoungGen      total 2560K, used 1531K [0x00000000eab00000, 0x00000000eb180000, 0x0000000100000000)
  eden space 1024K, 0% used [0x00000000eab00000,0x00000000eab00000,0x00000000eac00000)
  from space 1536K, 99% used [0x00000000eac00000,0x00000000ead7ef70,0x00000000ead80000)
  to   space 2560K, 0% used [0x00000000eaf00000,0x00000000eaf00000,0x00000000eb180000)
 ParOldGen       total 314880K, used 299210K [0x00000000c0000000, 0x00000000d3380000, 0x00000000eab00000)
  object space 314880K, 95% used [0x00000000c0000000,0x00000000d2432a78,0x00000000d3380000)
 Metaspace       used 65232K, committed 66368K, reserved 1114112K
  class space    used 7452K, committed 8000K, reserved 1048576K
}
Event: 133.526 GC heap before
{Heap before GC invocations=413 (full 13):
 PSYoungGen      total 2560K, used 2555K [0x00000000eab00000, 0x00000000eb180000, 0x0000000100000000)
  eden space 1024K, 100% used [0x00000000eab00000,0x00000000eac00000,0x00000000eac00000)
  from space 1536K, 99% used [0x00000000eac00000,0x00000000ead7ef70,0x00000000ead80000)
  to   space 2560K, 0% used [0x00000000eaf00000,0x00000000eaf00000,0x00000000eb180000)
 ParOldGen       total 314880K, used 299210K [0x00000000c0000000, 0x00000000d3380000, 0x00000000eab00000)
  object space 314880K, 95% used [0x00000000c0000000,0x00000000d2432a78,0x00000000d3380000)
 Metaspace       used 65232K, committed 66368K, reserved 1114112K
  class space    used 7452K, committed 8000K, reserved 1048576K
}
Event: 133.532 GC heap after
{Heap after GC invocations=413 (full 13):
 PSYoungGen      total 3584K, used 1711K [0x00000000eab00000, 0x00000000eb100000, 0x0000000100000000)
  eden space 1536K, 0% used [0x00000000eab00000,0x00000000eab00000,0x00000000eac80000)
  from space 2048K, 83% used [0x00000000eaf00000,0x00000000eb0abfd0,0x00000000eb100000)
  to   space 2048K, 0% used [0x00000000ead00000,0x00000000ead00000,0x00000000eaf00000)
 ParOldGen       total 314880K, used 300074K [0x00000000c0000000, 0x00000000d3380000, 0x00000000eab00000)
  object space 314880K, 95% used [0x00000000c0000000,0x00000000d250aa18,0x00000000d3380000)
 Metaspace       used 65232K, committed 66368K, reserved 1114112K
  class space    used 7452K, committed 8000K, reserved 1048576K
}
Event: 133.620 GC heap before
{Heap before GC invocations=414 (full 13):
 PSYoungGen      total 3584K, used 3247K [0x00000000eab00000, 0x00000000eb100000, 0x0000000100000000)
  eden space 1536K, 100% used [0x00000000eab00000,0x00000000eac80000,0x00000000eac80000)
  from space 2048K, 83% used [0x00000000eaf00000,0x00000000eb0abfd0,0x00000000eb100000)
  to   space 2048K, 0% used [0x00000000ead00000,0x00000000ead00000,0x00000000eaf00000)
 ParOldGen       total 314880K, used 300074K [0x00000000c0000000, 0x00000000d3380000, 0x00000000eab00000)
  object space 314880K, 95% used [0x00000000c0000000,0x00000000d250aa18,0x00000000d3380000)
 Metaspace       used 65232K, committed 66368K, reserved 1114112K
  class space    used 7452K, committed 8000K, reserved 1048576K
}
Event: 133.626 GC heap after
{Heap after GC invocations=414 (full 13):
 PSYoungGen      total 4096K, used 2033K [0x00000000eab00000, 0x00000000eb400000, 0x0000000100000000)
  eden space 2048K, 0% used [0x00000000eab00000,0x00000000eab00000,0x00000000ead00000)
  from space 2048K, 99% used [0x00000000ead00000,0x00000000eaefc7d0,0x00000000eaf00000)
  to   space 3584K, 0% used [0x00000000eb080000,0x00000000eb080000,0x00000000eb400000)
 ParOldGen       total 314880K, used 301246K [0x00000000c0000000, 0x00000000d3380000, 0x00000000eab00000)
  object space 314880K, 95% used [0x00000000c0000000,0x00000000d262f9e0,0x00000000d3380000)
 Metaspace       used 65232K, committed 66368K, reserved 1114112K
  class space    used 7452K, committed 8000K, reserved 1048576K
}
Event: 133.742 GC heap before
{Heap before GC invocations=415 (full 13):
 PSYoungGen      total 4096K, used 4077K [0x00000000eab00000, 0x00000000eb400000, 0x0000000100000000)
  eden space 2048K, 99% used [0x00000000eab00000,0x00000000eacfed68,0x00000000ead00000)
  from space 2048K, 99% used [0x00000000ead00000,0x00000000eaefc7d0,0x00000000eaf00000)
  to   space 3584K, 0% used [0x00000000eb080000,0x00000000eb080000,0x00000000eb400000)
 ParOldGen       total 314880K, used 301246K [0x00000000c0000000, 0x00000000d3380000, 0x00000000eab00000)
  object space 314880K, 95% used [0x00000000c0000000,0x00000000d262f9e0,0x00000000d3380000)
 Metaspace       used 65232K, committed 66368K, reserved 1114112K
  class space    used 7452K, committed 8000K, reserved 1048576K
}
Event: 133.749 GC heap after
{Heap after GC invocations=415 (full 13):
 PSYoungGen      total 4608K, used 2067K [0x00000000eab00000, 0x00000000eb300000, 0x0000000100000000)
  eden space 2048K, 0% used [0x00000000eab00000,0x00000000eab00000,0x00000000ead00000)
  from space 2560K, 80% used [0x00000000eb080000,0x00000000eb284fd0,0x00000000eb300000)
  to   space 2560K, 0% used [0x00000000eae00000,0x00000000eae00000,0x00000000eb080000)
 ParOldGen       total 314880K, used 303293K [0x00000000c0000000, 0x00000000d3380000, 0x00000000eab00000)
  object space 314880K, 96% used [0x00000000c0000000,0x00000000d282f700,0x00000000d3380000)
 Metaspace       used 65232K, committed 66368K, reserved 1114112K
  class space    used 7452K, committed 8000K, reserved 1048576K
}
Event: 133.919 GC heap before
{Heap before GC invocations=416 (full 13):
 PSYoungGen      total 4608K, used 4090K [0x00000000eab00000, 0x00000000eb300000, 0x0000000100000000)
  eden space 2048K, 98% used [0x00000000eab00000,0x00000000eacf9838,0x00000000ead00000)
  from space 2560K, 80% used [0x00000000eb080000,0x00000000eb284fd0,0x00000000eb300000)
  to   space 2560K, 0% used [0x00000000eae00000,0x00000000eae00000,0x00000000eb080000)
 ParOldGen       total 314880K, used 303293K [0x00000000c0000000, 0x00000000d3380000, 0x00000000eab00000)
  object space 314880K, 96% used [0x00000000c0000000,0x00000000d282f700,0x00000000d3380000)
 Metaspace       used 65232K, committed 66368K, reserved 1114112K
  class space    used 7452K, committed 8000K, reserved 1048576K
}
Event: 133.928 GC heap after
{Heap after GC invocations=416 (full 13):
 PSYoungGen      total 4608K, used 2551K [0x00000000eab00000, 0x00000000eb600000, 0x0000000100000000)
  eden space 2048K, 0% used [0x00000000eab00000,0x00000000eab00000,0x00000000ead00000)
  from space 2560K, 99% used [0x00000000eae00000,0x00000000eb07df10,0x00000000eb080000)
  to   space 4608K, 0% used [0x00000000eb180000,0x00000000eb180000,0x00000000eb600000)
 ParOldGen       total 314880K, used 304721K [0x00000000c0000000, 0x00000000d3380000, 0x00000000eab00000)
  object space 314880K, 96% used [0x00000000c0000000,0x00000000d2994638,0x00000000d3380000)
 Metaspace       used 65232K, committed 66368K, reserved 1114112K
  class space    used 7452K, committed 8000K, reserved 1048576K
}
Event: 134.103 GC heap before
{Heap before GC invocations=417 (full 13):
 PSYoungGen      total 4608K, used 4592K [0x00000000eab00000, 0x00000000eb600000, 0x0000000100000000)
  eden space 2048K, 99% used [0x00000000eab00000,0x00000000eacfe340,0x00000000ead00000)
  from space 2560K, 99% used [0x00000000eae00000,0x00000000eb07df10,0x00000000eb080000)
  to   space 4608K, 0% used [0x00000000eb180000,0x00000000eb180000,0x00000000eb600000)
 ParOldGen       total 314880K, used 304721K [0x00000000c0000000, 0x00000000d3380000, 0x00000000eab00000)
  object space 314880K, 96% used [0x00000000c0000000,0x00000000d2994638,0x00000000d3380000)
 Metaspace       used 65232K, committed 66368K, reserved 1114112K
  class space    used 7452K, committed 8000K, reserved 1048576K
}
Event: 134.112 GC heap after
{Heap after GC invocations=417 (full 13):
 PSYoungGen      total 4096K, used 2007K [0x00000000eab00000, 0x00000000eb380000, 0x0000000100000000)
  eden space 2048K, 0% used [0x00000000eab00000,0x00000000eab00000,0x00000000ead00000)
  from space 2048K, 98% used [0x00000000eb180000,0x00000000eb375f48,0x00000000eb380000)
  to   space 3072K, 0% used [0x00000000ead80000,0x00000000ead80000,0x00000000eb080000)
 ParOldGen       total 314880K, used 307266K [0x00000000c0000000, 0x00000000d3380000, 0x00000000eab00000)
  object space 314880K, 97% used [0x00000000c0000000,0x00000000d2c10a20,0x00000000d3380000)
 Metaspace       used 65232K, committed 66368K, reserved 1114112K
  class space    used 7452K, committed 8000K, reserved 1048576K
}
Event: 134.331 GC heap before
{Heap before GC invocations=418 (full 13):
 PSYoungGen      total 4096K, used 4055K [0x00000000eab00000, 0x00000000eb380000, 0x0000000100000000)
  eden space 2048K, 100% used [0x00000000eab00000,0x00000000ead00000,0x00000000ead00000)
  from space 2048K, 98% used [0x00000000eb180000,0x00000000eb375f48,0x00000000eb380000)
  to   space 3072K, 0% used [0x00000000ead80000,0x00000000ead80000,0x00000000eb080000)
 ParOldGen       total 314880K, used 307266K [0x00000000c0000000, 0x00000000d3380000, 0x00000000eab00000)
  object space 314880K, 97% used [0x00000000c0000000,0x00000000d2c10a20,0x00000000d3380000)
 Metaspace       used 65236K, committed 66368K, reserved 1114112K
  class space    used 7452K, committed 8000K, reserved 1048576K
}
Event: 134.335 GC heap after
{Heap after GC invocations=418 (full 13):
 PSYoungGen      total 5120K, used 3067K [0x00000000eab00000, 0x00000000eb600000, 0x0000000100000000)
  eden space 2048K, 0% used [0x00000000eab00000,0x00000000eab00000,0x00000000ead00000)
  from space 3072K, 99% used [0x00000000ead80000,0x00000000eb07ee30,0x00000000eb080000)
  to   space 4608K, 0% used [0x00000000eb180000,0x00000000eb180000,0x00000000eb600000)
 ParOldGen       total 314880K, used 308162K [0x00000000c0000000, 0x00000000d3380000, 0x00000000eab00000)
  object space 314880K, 97% used [0x00000000c0000000,0x00000000d2cf0a20,0x00000000d3380000)
 Metaspace       used 65236K, committed 66368K, reserved 1114112K
  class space    used 7452K, committed 8000K, reserved 1048576K
}
Event: 134.451 GC heap before
{Heap before GC invocations=419 (full 13):
 PSYoungGen      total 5120K, used 4679K [0x00000000eab00000, 0x00000000eb600000, 0x0000000100000000)
  eden space 2048K, 78% used [0x00000000eab00000,0x00000000eac93020,0x00000000ead00000)
  from space 3072K, 99% used [0x00000000ead80000,0x00000000eb07ee30,0x00000000eb080000)
  to   space 4608K, 0% used [0x00000000eb180000,0x00000000eb180000,0x00000000eb600000)
 ParOldGen       total 314880K, used 308162K [0x00000000c0000000, 0x00000000d3380000, 0x00000000eab00000)
  object space 314880K, 97% used [0x00000000c0000000,0x00000000d2cf0a20,0x00000000d3380000)
 Metaspace       used 65236K, committed 66368K, reserved 1114112K
  class space    used 7452K, committed 8000K, reserved 1048576K
}
Event: 134.462 GC heap after
{Heap after GC invocations=419 (full 13):
 PSYoungGen      total 4096K, used 1655K [0x00000000eab00000, 0x00000000eb380000, 0x0000000100000000)
  eden space 2048K, 0% used [0x00000000eab00000,0x00000000eab00000,0x00000000ead00000)
  from space 2048K, 80% used [0x00000000eb180000,0x00000000eb31de90,0x00000000eb380000)
  to   space 2560K, 0% used [0x00000000eae80000,0x00000000eae80000,0x00000000eb100000)
 ParOldGen       total 314880K, used 311258K [0x00000000c0000000, 0x00000000d3380000, 0x00000000eab00000)
  object space 314880K, 98% used [0x00000000c0000000,0x00000000d2ff6818,0x00000000d3380000)
 Metaspace       used 65236K, committed 66368K, reserved 1114112K
  class space    used 7452K, committed 8000K, reserved 1048576K
}
Event: 134.658 GC heap before
{Heap before GC invocations=420 (full 13):
 PSYoungGen      total 4096K, used 3703K [0x00000000eab00000, 0x00000000eb380000, 0x0000000100000000)
  eden space 2048K, 100% used [0x00000000eab00000,0x00000000ead00000,0x00000000ead00000)
  from space 2048K, 80% used [0x00000000eb180000,0x00000000eb31de90,0x00000000eb380000)
  to   space 2560K, 0% used [0x00000000eae80000,0x00000000eae80000,0x00000000eb100000)
 ParOldGen       total 314880K, used 311258K [0x00000000c0000000, 0x00000000d3380000, 0x00000000eab00000)
  object space 314880K, 98% used [0x00000000c0000000,0x00000000d2ff6818,0x00000000d3380000)
 Metaspace       used 65236K, committed 66368K, reserved 1114112K
  class space    used 7452K, committed 8000K, reserved 1048576K
}
Event: 134.663 GC heap after
{Heap after GC invocations=420 (full 13):
 PSYoungGen      total 4608K, used 2555K [0x00000000eab00000, 0x00000000eb500000, 0x0000000100000000)
  eden space 2048K, 0% used [0x00000000eab00000,0x00000000eab00000,0x00000000ead00000)
  from space 2560K, 99% used [0x00000000eae80000,0x00000000eb0fee60,0x00000000eb100000)
  to   space 4096K, 0% used [0x00000000eb100000,0x00000000eb100000,0x00000000eb500000)
 ParOldGen       total 314880K, used 312330K [0x00000000c0000000, 0x00000000d3380000, 0x00000000eab00000)
  object space 314880K, 99% used [0x00000000c0000000,0x00000000d3102818,0x00000000d3380000)
 Metaspace       used 65236K, committed 66368K, reserved 1114112K
  class space    used 7452K, committed 8000K, reserved 1048576K
}
Event: 134.835 GC heap before
{Heap before GC invocations=421 (full 13):
 PSYoungGen      total 4608K, used 4236K [0x00000000eab00000, 0x00000000eb500000, 0x0000000100000000)
  eden space 2048K, 82% used [0x00000000eab00000,0x00000000eaca42f0,0x00000000ead00000)
  from space 2560K, 99% used [0x00000000eae80000,0x00000000eb0fee60,0x00000000eb100000)
  to   space 4096K, 0% used [0x00000000eb100000,0x00000000eb100000,0x00000000eb500000)
 ParOldGen       total 314880K, used 312330K [0x00000000c0000000, 0x00000000d3380000, 0x00000000eab00000)
  object space 314880K, 99% used [0x00000000c0000000,0x00000000d3102818,0x00000000d3380000)
 Metaspace       used 65236K, committed 66368K, reserved 1114112K
  class space    used 7452K, committed 8000K, reserved 1048576K
}
Event: 134.839 GC heap after
{Heap after GC invocations=421 (full 13):
 PSYoungGen      total 4096K, used 1685K [0x00000000eab00000, 0x00000000eb300000, 0x0000000100000000)
  eden space 2048K, 0% used [0x00000000eab00000,0x00000000eab00000,0x00000000ead00000)
  from space 2048K, 82% used [0x00000000eb100000,0x00000000eb2a5748,0x00000000eb300000)
  to   space 2560K, 0% used [0x00000000eae00000,0x00000000eae00000,0x00000000eb080000)
 ParOldGen       total 315392K, used 314897K [0x00000000c0000000, 0x00000000d3400000, 0x00000000eab00000)
  object space 315392K, 99% used [0x00000000c0000000,0x00000000d3384650,0x00000000d3400000)
 Metaspace       used 65236K, committed 66368K, reserved 1114112K
  class space    used 7452K, committed 8000K, reserved 1048576K
}
Event: 135.065 GC heap before
{Heap before GC invocations=422 (full 14):
 PSYoungGen      total 4096K, used 3733K [0x00000000eab00000, 0x00000000eb300000, 0x0000000100000000)
  eden space 2048K, 100% used [0x00000000eab00000,0x00000000ead00000,0x00000000ead00000)
  from space 2048K, 82% used [0x00000000eb100000,0x00000000eb2a5748,0x00000000eb300000)
  to   space 2560K, 0% used [0x00000000eae00000,0x00000000eae00000,0x00000000eb080000)
 ParOldGen       total 315392K, used 314897K [0x00000000c0000000, 0x00000000d3400000, 0x00000000eab00000)
  object space 315392K, 99% used [0x00000000c0000000,0x00000000d3384650,0x00000000d3400000)
 Metaspace       used 65236K, committed 66368K, reserved 1114112K
  class space    used 7452K, committed 8000K, reserved 1048576K
}

