# JRE version: OpenJDK Runtime Environment Microsoft-8035246 (17.0.8+7) (build 17.0.8+7-LTS)
# Java VM: OpenJDK 64-Bit Server VM Microsoft-8035246 (17.0.8+7-LTS, mixed mode, sharing, tiered, compressed oops, compressed class ptrs, g1 gc, windows-amd64)
GC Precious Log:
 CPUs: 4 total, 4 available
 Memory: 12069M
 Large Page Support: Disabled
 NUMA Support: Disabled
 Compressed Oops: Enabled (32-bit)
 Heap Region Size: 1M
 Heap Min Capacity: 8M
 Heap Initial Capacity: 190M
 Heap Max Capacity: 2G
 Pre-touch: Disabled
 Parallel Workers: 4
 Concurrent Workers: 1
 Concurrent Refinement Workers: 4
 Periodic GC: Disabled
Heap:
 garbage-first heap   total 86016K, used 34129K [0x0000000080000000, 0x0000000100000000)
  region size 1024K, 10 young (10240K), 4 survivors (4096K)
 Metaspace       used 32595K, committed 33024K, reserved 491520K
  class space    used 4502K, committed 4736K, reserved 425984K
GC Heap History (14 events):
Event: 0.430 GC heap before
{Heap before GC invocations=0 (full 0):
 garbage-first heap   total 194560K, used 13312K [0x0000000080000000, 0x0000000100000000)
  region size 1024K, 13 young (13312K), 0 survivors (0K)
 Metaspace       used 1033K, committed 1152K, reserved 491520K
  class space    used 83K, committed 128K, reserved 425984K
}
Event: 0.433 GC heap after
{Heap after GC invocations=1 (full 0):
 garbage-first heap   total 194560K, used 3482K [0x0000000080000000, 0x0000000100000000)
  region size 1024K, 2 young (2048K), 2 survivors (2048K)
 Metaspace       used 1033K, committed 1152K, reserved 491520K
  class space    used 83K, committed 128K, reserved 425984K
}
Event: 1.127 GC heap before
{Heap before GC invocations=1 (full 0):
 garbage-first heap   total 194560K, used 22938K [0x0000000080000000, 0x0000000100000000)
  region size 1024K, 17 young (17408K), 2 survivors (2048K)
 Metaspace       used 3896K, committed 4096K, reserved 491520K
  class space    used 490K, committed 576K, reserved 425984K
}
Event: 1.130 GC heap after
{Heap after GC invocations=2 (full 0):
 garbage-first heap   total 194560K, used 10751K [0x0000000080000000, 0x0000000100000000)
  region size 1024K, 3 young (3072K), 3 survivors (3072K)
 Metaspace       used 3896K, committed 4096K, reserved 491520K
  class space    used 490K, committed 576K, reserved 425984K
}
Event: 1.512 GC heap before
{Heap before GC invocations=2 (full 0):
 garbage-first heap   total 194560K, used 35327K [0x0000000080000000, 0x0000000100000000)
  region size 1024K, 26 young (26624K), 3 survivors (3072K)
 Metaspace       used 4033K, committed 4224K, reserved 491520K
  class space    used 490K, committed 576K, reserved 425984K
}
Event: 1.515 GC heap after
{Heap after GC invocations=3 (full 0):
 garbage-first heap   total 194560K, used 12767K [0x0000000080000000, 0x0000000100000000)
  region size 1024K, 2 young (2048K), 2 survivors (2048K)
 Metaspace       used 4033K, committed 4224K, reserved 491520K
  class space    used 490K, committed 576K, reserved 425984K
}
Event: 5.992 GC heap before
{Heap before GC invocations=3 (full 0):
 garbage-first heap   total 194560K, used 124383K [0x0000000080000000, 0x0000000100000000)
  region size 1024K, 113 young (115712K), 2 survivors (2048K)
 Metaspace       used 21205K, committed 21504K, reserved 491520K
  class space    used 3128K, committed 3328K, reserved 425984K
}
Event: 6.003 GC heap after
{Heap after GC invocations=4 (full 0):
 garbage-first heap   total 194560K, used 22294K [0x0000000080000000, 0x0000000100000000)
  region size 1024K, 12 young (12288K), 12 survivors (12288K)
 Metaspace       used 21205K, committed 21504K, reserved 491520K
  class space    used 3128K, committed 3328K, reserved 425984K
}
Event: 7.019 GC heap before
{Heap before GC invocations=5 (full 0):
 garbage-first heap   total 86016K, used 61206K [0x0000000080000000, 0x0000000100000000)
  region size 1024K, 50 young (51200K), 12 survivors (12288K)
 Metaspace       used 28192K, committed 28608K, reserved 491520K
  class space    used 4011K, committed 4224K, reserved 425984K
}
Event: 7.032 GC heap after
{Heap after GC invocations=6 (full 0):
 garbage-first heap   total 86016K, used 26178K [0x0000000080000000, 0x0000000100000000)
  region size 1024K, 4 young (4096K), 4 survivors (4096K)
 Metaspace       used 28192K, committed 28608K, reserved 491520K
  class space    used 4011K, committed 4224K, reserved 425984K
}
Event: 7.064 GC heap before
{Heap before GC invocations=6 (full 0):
 garbage-first heap   total 86016K, used 27202K [0x0000000080000000, 0x0000000100000000)
  region size 1024K, 5 young (5120K), 4 survivors (4096K)
 Metaspace       used 28404K, committed 28736K, reserved 491520K
  class space    used 4040K, committed 4224K, reserved 425984K
}
Event: 7.069 GC heap after
{Heap after GC invocations=7 (full 0):
 garbage-first heap   total 86016K, used 26062K [0x0000000080000000, 0x0000000100000000)
  region size 1024K, 1 young (1024K), 1 survivors (1024K)
 Metaspace       used 28404K, committed 28736K, reserved 491520K
  class space    used 4040K, committed 4224K, reserved 425984K
}
Event: 7.775 GC heap before
{Heap before GC invocations=7 (full 0):
 garbage-first heap   total 86016K, used 68046K [0x0000000080000000, 0x0000000100000000)
  region size 1024K, 38 young (38912K), 1 survivors (1024K)
 Metaspace       used 32018K, committed 32384K, reserved 491520K
  class space    used 4416K, committed 4608K, reserved 425984K
}
Event: 7.784 GC heap after
{Heap after GC invocations=8 (full 0):
 garbage-first heap   total 86016K, used 29009K [0x0000000080000000, 0x0000000100000000)
  region size 1024K, 4 young (4096K), 4 survivors (4096K)
 Metaspace       used 32018K, committed 32384K, reserved 491520K
  class space    used 4416K, committed 4608K, reserved 425984K
}

